  [1m[35m (4.4ms)[0m  [1m[35mCREATE DATABASE `soccer_bet_development` DEFAULT CHARACTER SET `utf8mb4`[0m
  [1m[35m (1.0ms)[0m  [1m[35mCREATE DATABASE `soccer_bet_test` DEFAULT CHARACTER SET `utf8mb4`[0m
  [1m[35m (16.8ms)[0m  [1m[35mCREATE TABLE `schema_migrations` (`version` varchar(255) NOT NULL PRIMARY KEY)[0m
  [1m[35m (4.7ms)[0m  [1m[35mCREATE TABLE `ar_internal_metadata` (`key` varchar(255) NOT NULL PRIMARY KEY, `value` varchar(255), `created_at` datetime(6) NOT NULL, `updated_at` datetime(6) NOT NULL)[0m
  [1m[35m (0.4ms)[0m  [1m[34mSELECT GET_LOCK('5133752988680233050', 0)[0m
  [1m[36mActiveRecord::SchemaMigration Load (2.8ms)[0m  [1m[34mSELECT `schema_migrations`.`version` FROM `schema_migrations` ORDER BY `schema_migrations`.`version` ASC[0m
  [1m[36mActiveRecord::InternalMetadata Load (0.6ms)[0m  [1m[34mSELECT * FROM `ar_internal_metadata` WHERE `ar_internal_metadata`.`key` = 'environment' ORDER BY `ar_internal_metadata`.`key` ASC LIMIT 1[0m
  [1m[36mActiveRecord::InternalMetadata Create (0.6ms)[0m  [1m[32mINSERT INTO `ar_internal_metadata` (`key`, `value`, `created_at`, `updated_at`) VALUES ('environment', 'development', '2024-06-12 14:26:31.362861', '2024-06-12 14:26:31.362864')[0m
Migrating to CreateTeams (20210614163637)
  [1m[35m (4.5ms)[0m  [1m[35mCREATE TABLE `teams` (`id` bigint NOT NULL AUTO_INCREMENT PRIMARY KEY, `name` varchar(255), `created_at` datetime(6) NOT NULL, `updated_at` datetime(6) NOT NULL)[0m
  [1m[36mActiveRecord::SchemaMigration Create (0.3ms)[0m  [1m[32mINSERT INTO `schema_migrations` (`version`) VALUES ('20210614163637')[0m
Migrating to CreateGames (20210614165801)
  [1m[35m (4.2ms)[0m  [1m[35mCREATE TABLE `games` (`id` bigint NOT NULL AUTO_INCREMENT PRIMARY KEY, `nr` int, `date` datetime(6), `home_id` int, `away_id` int, `score_home` int, `score_away` int, `created_at` datetime(6) NOT NULL, `updated_at` datetime(6) NOT NULL)[0m
  [1m[35m (8.7ms)[0m  [1m[35mCREATE INDEX `index_games_on_nr` ON `games` (`nr`)[0m
  [1m[35m (5.9ms)[0m  [1m[35mCREATE INDEX `index_games_on_date` ON `games` (`date`)[0m
  [1m[35m (5.4ms)[0m  [1m[35mCREATE INDEX `index_games_on_home_id` ON `games` (`home_id`)[0m
  [1m[35m (6.9ms)[0m  [1m[35mCREATE INDEX `index_games_on_away_id` ON `games` (`away_id`)[0m
  [1m[36mActiveRecord::SchemaMigration Create (0.8ms)[0m  [1m[32mINSERT INTO `schema_migrations` (`version`) VALUES ('20210614165801')[0m
Migrating to CreatePlayers (20210614170028)
  [1m[35m (5.2ms)[0m  [1m[35mCREATE TABLE `players` (`id` bigint NOT NULL AUTO_INCREMENT PRIMARY KEY, `name` varchar(255), `initials` varchar(255), `team_id` int, `created_at` datetime(6) NOT NULL, `updated_at` datetime(6) NOT NULL)[0m
  [1m[35m (5.9ms)[0m  [1m[35mCREATE INDEX `index_players_on_team_id` ON `players` (`team_id`)[0m
  [1m[36mActiveRecord::SchemaMigration Create (1.7ms)[0m  [1m[32mINSERT INTO `schema_migrations` (`version`) VALUES ('20210614170028')[0m
Migrating to CreateBetGames (20210614171329)
  [1m[35m (5.2ms)[0m  [1m[35mCREATE TABLE `bet_games` (`id` bigint NOT NULL AUTO_INCREMENT PRIMARY KEY, `participant_id` int, `game_id` int, `home` int, `away` int, `score` int, `created_at` datetime(6) NOT NULL, `updated_at` datetime(6) NOT NULL)[0m
  [1m[35m (7.8ms)[0m  [1m[35mCREATE INDEX `index_bet_games_on_participant_id` ON `bet_games` (`participant_id`)[0m
  [1m[36mActiveRecord::SchemaMigration Create (0.6ms)[0m  [1m[32mINSERT INTO `schema_migrations` (`version`) VALUES ('20210614171329')[0m
Migrating to CreateParticipants (20210614172305)
  [1m[35m (5.6ms)[0m  [1m[35mCREATE TABLE `participants` (`id` bigint NOT NULL AUTO_INCREMENT PRIMARY KEY, `name` varchar(255), `email` varchar(255), `created_at` datetime(6) NOT NULL, `updated_at` datetime(6) NOT NULL)[0m
  [1m[36mActiveRecord::SchemaMigration Create (0.4ms)[0m  [1m[32mINSERT INTO `schema_migrations` (`version`) VALUES ('20210614172305')[0m
Migrating to CreateBetTeams (20210614174145)
  [1m[35m (5.5ms)[0m  [1m[35mCREATE TABLE `bet_teams` (`id` bigint NOT NULL AUTO_INCREMENT PRIMARY KEY, `participant_id` int, `stage` int, `team_id` int, `score` int, `created_at` datetime(6) NOT NULL, `updated_at` datetime(6) NOT NULL)[0m
  [1m[35m (4.5ms)[0m  [1m[35mCREATE INDEX `index_bet_teams_on_participant_id` ON `bet_teams` (`participant_id`)[0m
  [1m[35m (3.0ms)[0m  [1m[35mCREATE INDEX `index_bet_teams_on_team_id` ON `bet_teams` (`team_id`)[0m
  [1m[35m (2.7ms)[0m  [1m[35mCREATE INDEX `index_bet_teams_on_stage` ON `bet_teams` (`stage`)[0m
  [1m[36mActiveRecord::SchemaMigration Create (0.2ms)[0m  [1m[32mINSERT INTO `schema_migrations` (`version`) VALUES ('20210614174145')[0m
Migrating to AddStageToGame (20210616112329)
  [1m[35m (3.7ms)[0m  [1m[35mALTER TABLE `games` ADD `stage` int[0m
  [1m[35m (3.7ms)[0m  [1m[35mCREATE INDEX `index_games_on_stage` ON `games` (`stage`)[0m
  [1m[36mActiveRecord::SchemaMigration Create (0.2ms)[0m  [1m[32mINSERT INTO `schema_migrations` (`version`) VALUES ('20210616112329')[0m
Migrating to AddTopWinnerBestToPlayersAndTeams (20210617115558)
  [1m[35m (2.4ms)[0m  [1m[35mALTER TABLE `teams` ADD `winner` tinyint(1)[0m
  [1m[35m (2.3ms)[0m  [1m[35mALTER TABLE `teams` ADD `red` tinyint(1)[0m
  [1m[35m (2.4ms)[0m  [1m[35mALTER TABLE `players` ADD `top` tinyint(1)[0m
  [1m[35m (2.4ms)[0m  [1m[35mALTER TABLE `players` ADD `best` tinyint(1)[0m
  [1m[36mActiveRecord::SchemaMigration Create (0.3ms)[0m  [1m[32mINSERT INTO `schema_migrations` (`version`) VALUES ('20210617115558')[0m
Migrating to CreateBetPlayers (20210618202622)
  [1m[35m (2.6ms)[0m  [1m[35mCREATE TABLE `bet_players` (`id` bigint NOT NULL AUTO_INCREMENT PRIMARY KEY, `participant_id` int, `player_id` int, `stage` int, `score` int, `created_at` datetime(6) NOT NULL, `updated_at` datetime(6) NOT NULL)[0m
  [1m[35m (2.7ms)[0m  [1m[35mCREATE INDEX `index_bet_players_on_participant_id` ON `bet_players` (`participant_id`)[0m
  [1m[36mActiveRecord::SchemaMigration Create (0.2ms)[0m  [1m[32mINSERT INTO `schema_migrations` (`version`) VALUES ('20210618202622')[0m
  [1m[35m (0.3ms)[0m  [1m[34mSELECT RELEASE_LOCK('5133752988680233050')[0m
  [1m[36mActiveRecord::SchemaMigration Load (0.1ms)[0m  [1m[34mSELECT `schema_migrations`.`version` FROM `schema_migrations` ORDER BY `schema_migrations`.`version` ASC[0m
Started GET "/" for ::1 at 2024-06-12 16:26:56 +0200
  [1m[36mActiveRecord::SchemaMigration Load (0.4ms)[0m  [1m[34mSELECT `schema_migrations`.`version` FROM `schema_migrations` ORDER BY `schema_migrations`.`version` ASC[0m
Processing by Rails::WelcomeController#index as HTML
  Rendering /Users/rolf/.rvm/gems/ruby-3.2.1/gems/railties-7.1.3.4/lib/rails/templates/rails/welcome/index.html.erb
  Rendered /Users/rolf/.rvm/gems/ruby-3.2.1/gems/railties-7.1.3.4/lib/rails/templates/rails/welcome/index.html.erb (Duration: 0.3ms | Allocations: 376)
Completed 200 OK in 11ms (Views: 3.4ms | ActiveRecord: 0.0ms | Allocations: 7899)


Started GET "/" for ::1 at 2024-06-12 16:29:46 +0200
  [1m[36mActiveRecord::SchemaMigration Load (0.3ms)[0m  [1m[34mSELECT `schema_migrations`.`version` FROM `schema_migrations` ORDER BY `schema_migrations`.`version` ASC[0m
Processing by Rails::WelcomeController#index as HTML
  Rendering /Users/rolf/.rvm/gems/ruby-3.2.1/gems/railties-7.1.3.4/lib/rails/templates/rails/welcome/index.html.erb
  Rendered /Users/rolf/.rvm/gems/ruby-3.2.1/gems/railties-7.1.3.4/lib/rails/templates/rails/welcome/index.html.erb (Duration: 0.3ms | Allocations: 376)
Completed 200 OK in 4ms (Views: 1.4ms | ActiveRecord: 0.0ms | Allocations: 4282)


Started GET "/" for ::1 at 2024-06-12 16:30:53 +0200
Processing by ScoresController#index as HTML
  [1m[36mParticipant Load (0.3ms)[0m  [1m[34mSELECT `participants`.* FROM `participants`[0m
  ↳ app/models/participant.rb:27:in `group_by'
  Rendering layout layouts/application.html.erb
  Rendering scores/index.html.erb within layouts/application
  Rendered scores/index.html.erb within layouts/application (Duration: 0.8ms | Allocations: 1794)
  Rendered layout layouts/application.html.erb (Duration: 9.0ms | Allocations: 9906)
Completed 500 Internal Server Error in 28ms (ActiveRecord: 0.5ms | Allocations: 27574)


  
LoadError (cannot load such file -- sassc):
  
app/views/layouts/application.html.erb:9
Started GET "/" for ::1 at 2024-06-12 16:40:10 +0200
  [1m[36mActiveRecord::SchemaMigration Load (0.2ms)[0m  [1m[34mSELECT `schema_migrations`.`version` FROM `schema_migrations` ORDER BY `schema_migrations`.`version` ASC[0m
Processing by ScoresController#index as HTML
  [1m[36mParticipant Load (0.2ms)[0m  [1m[34mSELECT `participants`.* FROM `participants`[0m
  ↳ app/models/participant.rb:27:in `group_by'
  Rendering layout layouts/application.html.erb
  Rendering scores/index.html.erb within layouts/application
  Rendered scores/index.html.erb within layouts/application (Duration: 0.7ms | Allocations: 1887)
  Rendered layout layouts/application.html.erb (Duration: 10.9ms | Allocations: 6927)
Completed 500 Internal Server Error in 22ms (ActiveRecord: 0.5ms | Allocations: 22838)


  
ActionView::Template::Error (Error: File to import not found or unreadable: scaffold.
        on line 1:1 of app/assets/stylesheets/application.scss
>> @import "scaffold";

   ^
):
     6:     <%= csrf_meta_tags %>
     7:     <%= csp_meta_tag %>
     8: 
     9:     <%= stylesheet_link_tag "application", "data-turbo-track": "reload" %>
    10:     <%= javascript_importmap_tags %>
    11:   </head>
    12: 
  
app/views/layouts/application.html.erb:9
Started GET "/" for ::1 at 2024-06-12 16:40:27 +0200
Processing by ScoresController#index as HTML
  [1m[36mParticipant Load (0.7ms)[0m  [1m[34mSELECT `participants`.* FROM `participants`[0m
  ↳ app/models/participant.rb:27:in `group_by'
  Rendering layout layouts/application.html.erb
  Rendering scores/index.html.erb within layouts/application
  Rendered scores/index.html.erb within layouts/application (Duration: 0.4ms | Allocations: 96)
  Rendered layout layouts/application.html.erb (Duration: 128.7ms | Allocations: 96097)
Completed 200 OK in 132ms (Views: 129.2ms | ActiveRecord: 0.7ms | Allocations: 96955)


Started GET "/players" for ::1 at 2024-06-12 16:40:53 +0200
Processing by PlayersController#index as HTML
  Rendering layout layouts/application.html.erb
  Rendering players/index.html.erb within layouts/application
  [1m[36mPlayer Load (1.1ms)[0m  [1m[34mSELECT `players`.* FROM `players`[0m
  ↳ app/views/players/index.html.erb:16
  Rendered players/index.html.erb within layouts/application (Duration: 7.8ms | Allocations: 3621)
  Rendered layout layouts/application.html.erb (Duration: 8.7ms | Allocations: 4714)
Completed 200 OK in 11ms (Views: 8.3ms | ActiveRecord: 1.1ms | Allocations: 6526)


Started GET "/games" for ::1 at 2024-06-12 16:41:01 +0200
Processing by GamesController#index as HTML
  [1m[36mGame Load (0.8ms)[0m  [1m[34mSELECT `games`.* FROM `games`[0m
  ↳ app/controllers/games_controller.rb:6:in `group_by'
  Rendering layout layouts/application.html.erb
  Rendering games/index.html.erb within layouts/application
  [1m[36mTeam Load (0.4ms)[0m  [1m[34mSELECT `teams`.* FROM `teams` WHERE `teams`.`winner` = TRUE LIMIT 1[0m
  ↳ app/models/team.rb:16:in `winner'
  [1m[36mTeam Load (0.3ms)[0m  [1m[34mSELECT `teams`.* FROM `teams` WHERE `teams`.`red` = TRUE LIMIT 1[0m
  ↳ app/models/team.rb:20:in `redcard'
  [1m[36mPlayer Load (0.2ms)[0m  [1m[34mSELECT `players`.* FROM `players` WHERE `players`.`best` = TRUE LIMIT 1[0m
  ↳ app/models/player.rb:8:in `topplayer'
  [1m[36mPlayer Load (0.1ms)[0m  [1m[34mSELECT `players`.* FROM `players` WHERE `players`.`top` = TRUE LIMIT 1[0m
  ↳ app/models/player.rb:12:in `topscorer'
  Rendered games/index.html.erb within layouts/application (Duration: 16.7ms | Allocations: 9813)
  Rendered layout layouts/application.html.erb (Duration: 18.2ms | Allocations: 10906)
Completed 200 OK in 35ms (Views: 14.8ms | ActiveRecord: 5.1ms | Allocations: 15559)


Started GET "/games/new" for ::1 at 2024-06-12 16:41:57 +0200
Processing by GamesController#new as HTML
  Rendering layout layouts/application.html.erb
  Rendering games/new.html.erb within layouts/application
  [1m[36mTeam Load (0.8ms)[0m  [1m[34mSELECT `teams`.* FROM `teams` ORDER BY `teams`.`name` ASC[0m
  ↳ app/views/games/_form.html.erb:25
  [1m[36mCACHE Team Load (0.0ms)[0m  [1m[34mSELECT `teams`.* FROM `teams` ORDER BY `teams`.`name` ASC[0m
  ↳ app/views/games/_form.html.erb:26
  Rendered games/_form.html.erb (Duration: 11.2ms | Allocations: 5237)
  Rendered games/new.html.erb within layouts/application (Duration: 11.9ms | Allocations: 5512)
  Rendered layout layouts/application.html.erb (Duration: 13.2ms | Allocations: 6590)
Completed 200 OK in 56ms (Views: 13.0ms | ActiveRecord: 7.6ms | Allocations: 24269)


  [1m[36mGame Load (0.4ms)[0m  [1m[34mSELECT `games`.* FROM `games` /* loading for pp */ LIMIT 11[0m
  [1m[36mGame Load (0.9ms)[0m  [1m[34mSELECT `games`.* FROM `games`[0m
  [1m[36mTRANSACTION (0.1ms)[0m  [1m[35mBEGIN[0m
  [1m[36mGame Update (0.4ms)[0m  [1m[33mUPDATE `games` SET `games`.`updated_at` = '2024-06-12 15:09:51.335687', `games`.`stage` = 1 WHERE `games`.`id` = 11[0m
  [1m[36mTRANSACTION (0.5ms)[0m  [1m[35mCOMMIT[0m
  [1m[36mTRANSACTION (0.1ms)[0m  [1m[35mBEGIN[0m
  [1m[36mGame Update (0.3ms)[0m  [1m[33mUPDATE `games` SET `games`.`updated_at` = '2024-06-12 15:09:51.344740', `games`.`stage` = 1 WHERE `games`.`id` = 12[0m
  [1m[36mTRANSACTION (0.3ms)[0m  [1m[35mCOMMIT[0m
  [1m[36mTRANSACTION (0.1ms)[0m  [1m[35mBEGIN[0m
  [1m[36mGame Update (0.2ms)[0m  [1m[33mUPDATE `games` SET `games`.`updated_at` = '2024-06-12 15:09:51.345894', `games`.`stage` = 1 WHERE `games`.`id` = 13[0m
  [1m[36mTRANSACTION (0.6ms)[0m  [1m[35mCOMMIT[0m
  [1m[36mTRANSACTION (0.1ms)[0m  [1m[35mBEGIN[0m
  [1m[36mGame Update (0.2ms)[0m  [1m[33mUPDATE `games` SET `games`.`updated_at` = '2024-06-12 15:09:51.347166', `games`.`stage` = 1 WHERE `games`.`id` = 14[0m
  [1m[36mTRANSACTION (0.3ms)[0m  [1m[35mCOMMIT[0m
  [1m[36mTRANSACTION (0.1ms)[0m  [1m[35mBEGIN[0m
  [1m[36mGame Update (0.2ms)[0m  [1m[33mUPDATE `games` SET `games`.`updated_at` = '2024-06-12 15:09:51.348190', `games`.`stage` = 1 WHERE `games`.`id` = 15[0m
  [1m[36mTRANSACTION (0.3ms)[0m  [1m[35mCOMMIT[0m
  [1m[36mTRANSACTION (0.1ms)[0m  [1m[35mBEGIN[0m
  [1m[36mGame Update (0.1ms)[0m  [1m[33mUPDATE `games` SET `games`.`updated_at` = '2024-06-12 15:09:51.349125', `games`.`stage` = 1 WHERE `games`.`id` = 16[0m
  [1m[36mTRANSACTION (0.3ms)[0m  [1m[35mCOMMIT[0m
  [1m[36mTRANSACTION (0.1ms)[0m  [1m[35mBEGIN[0m
  [1m[36mGame Update (0.2ms)[0m  [1m[33mUPDATE `games` SET `games`.`updated_at` = '2024-06-12 15:09:51.350022', `games`.`stage` = 1 WHERE `games`.`id` = 17[0m
  [1m[36mTRANSACTION (0.3ms)[0m  [1m[35mCOMMIT[0m
  [1m[36mTRANSACTION (0.1ms)[0m  [1m[35mBEGIN[0m
  [1m[36mGame Update (0.2ms)[0m  [1m[33mUPDATE `games` SET `games`.`updated_at` = '2024-06-12 15:09:51.350968', `games`.`stage` = 1 WHERE `games`.`id` = 18[0m
  [1m[36mTRANSACTION (0.3ms)[0m  [1m[35mCOMMIT[0m
  [1m[36mTRANSACTION (0.1ms)[0m  [1m[35mBEGIN[0m
  [1m[36mGame Update (0.2ms)[0m  [1m[33mUPDATE `games` SET `games`.`updated_at` = '2024-06-12 15:09:51.351956', `games`.`stage` = 1 WHERE `games`.`id` = 19[0m
  [1m[36mTRANSACTION (0.3ms)[0m  [1m[35mCOMMIT[0m
  [1m[36mTRANSACTION (0.1ms)[0m  [1m[35mBEGIN[0m
  [1m[36mGame Update (0.2ms)[0m  [1m[33mUPDATE `games` SET `games`.`updated_at` = '2024-06-12 15:09:51.352871', `games`.`stage` = 1 WHERE `games`.`id` = 20[0m
  [1m[36mTRANSACTION (0.2ms)[0m  [1m[35mCOMMIT[0m
  [1m[36mTRANSACTION (0.1ms)[0m  [1m[35mBEGIN[0m
  [1m[36mGame Update (0.2ms)[0m  [1m[33mUPDATE `games` SET `games`.`updated_at` = '2024-06-12 15:09:51.353742', `games`.`stage` = 1 WHERE `games`.`id` = 21[0m
  [1m[36mTRANSACTION (0.2ms)[0m  [1m[35mCOMMIT[0m
  [1m[36mTRANSACTION (0.1ms)[0m  [1m[35mBEGIN[0m
  [1m[36mGame Update (0.2ms)[0m  [1m[33mUPDATE `games` SET `games`.`updated_at` = '2024-06-12 15:09:51.354604', `games`.`stage` = 1 WHERE `games`.`id` = 22[0m
  [1m[36mTRANSACTION (0.3ms)[0m  [1m[35mCOMMIT[0m
  [1m[36mTRANSACTION (0.1ms)[0m  [1m[35mBEGIN[0m
  [1m[36mGame Update (0.1ms)[0m  [1m[33mUPDATE `games` SET `games`.`updated_at` = '2024-06-12 15:09:51.355528', `games`.`stage` = 1 WHERE `games`.`id` = 23[0m
  [1m[36mTRANSACTION (0.5ms)[0m  [1m[35mCOMMIT[0m
  [1m[36mTRANSACTION (0.1ms)[0m  [1m[35mBEGIN[0m
  [1m[36mGame Update (0.2ms)[0m  [1m[33mUPDATE `games` SET `games`.`updated_at` = '2024-06-12 15:09:51.356718', `games`.`stage` = 1 WHERE `games`.`id` = 24[0m
  [1m[36mTRANSACTION (0.3ms)[0m  [1m[35mCOMMIT[0m
  [1m[36mTRANSACTION (0.1ms)[0m  [1m[35mBEGIN[0m
  [1m[36mGame Update (0.2ms)[0m  [1m[33mUPDATE `games` SET `games`.`updated_at` = '2024-06-12 15:09:51.357748', `games`.`stage` = 1 WHERE `games`.`id` = 25[0m
  [1m[36mTRANSACTION (0.3ms)[0m  [1m[35mCOMMIT[0m
  [1m[36mTRANSACTION (0.1ms)[0m  [1m[35mBEGIN[0m
  [1m[36mGame Update (0.2ms)[0m  [1m[33mUPDATE `games` SET `games`.`updated_at` = '2024-06-12 15:09:51.358674', `games`.`stage` = 1 WHERE `games`.`id` = 26[0m
  [1m[36mTRANSACTION (0.3ms)[0m  [1m[35mCOMMIT[0m
  [1m[36mTRANSACTION (0.1ms)[0m  [1m[35mBEGIN[0m
  [1m[36mGame Update (0.2ms)[0m  [1m[33mUPDATE `games` SET `games`.`updated_at` = '2024-06-12 15:09:51.359622', `games`.`stage` = 1 WHERE `games`.`id` = 27[0m
  [1m[36mTRANSACTION (0.4ms)[0m  [1m[35mCOMMIT[0m
  [1m[36mTRANSACTION (0.1ms)[0m  [1m[35mBEGIN[0m
  [1m[36mGame Update (0.2ms)[0m  [1m[33mUPDATE `games` SET `games`.`updated_at` = '2024-06-12 15:09:51.360635', `games`.`stage` = 1 WHERE `games`.`id` = 28[0m
  [1m[36mTRANSACTION (0.3ms)[0m  [1m[35mCOMMIT[0m
  [1m[36mTRANSACTION (0.1ms)[0m  [1m[35mBEGIN[0m
  [1m[36mGame Update (0.2ms)[0m  [1m[33mUPDATE `games` SET `games`.`updated_at` = '2024-06-12 15:09:51.361646', `games`.`stage` = 1 WHERE `games`.`id` = 29[0m
  [1m[36mTRANSACTION (0.3ms)[0m  [1m[35mCOMMIT[0m
  [1m[36mTRANSACTION (0.1ms)[0m  [1m[35mBEGIN[0m
  [1m[36mGame Update (0.2ms)[0m  [1m[33mUPDATE `games` SET `games`.`updated_at` = '2024-06-12 15:09:51.362706', `games`.`stage` = 1 WHERE `games`.`id` = 30[0m
  [1m[36mTRANSACTION (0.3ms)[0m  [1m[35mCOMMIT[0m
  [1m[36mTRANSACTION (0.1ms)[0m  [1m[35mBEGIN[0m
  [1m[36mGame Update (0.2ms)[0m  [1m[33mUPDATE `games` SET `games`.`updated_at` = '2024-06-12 15:09:51.363676', `games`.`stage` = 1 WHERE `games`.`id` = 31[0m
  [1m[36mTRANSACTION (0.2ms)[0m  [1m[35mCOMMIT[0m
  [1m[36mTRANSACTION (0.1ms)[0m  [1m[35mBEGIN[0m
  [1m[36mGame Update (0.1ms)[0m  [1m[33mUPDATE `games` SET `games`.`updated_at` = '2024-06-12 15:09:51.364526', `games`.`stage` = 1 WHERE `games`.`id` = 32[0m
  [1m[36mTRANSACTION (0.2ms)[0m  [1m[35mCOMMIT[0m
  [1m[36mTRANSACTION (0.1ms)[0m  [1m[35mBEGIN[0m
  [1m[36mGame Update (0.1ms)[0m  [1m[33mUPDATE `games` SET `games`.`updated_at` = '2024-06-12 15:09:51.365347', `games`.`stage` = 1 WHERE `games`.`id` = 33[0m
  [1m[36mTRANSACTION (0.2ms)[0m  [1m[35mCOMMIT[0m
  [1m[36mTRANSACTION (0.1ms)[0m  [1m[35mBEGIN[0m
  [1m[36mGame Update (0.2ms)[0m  [1m[33mUPDATE `games` SET `games`.`updated_at` = '2024-06-12 15:09:51.366279', `games`.`stage` = 1 WHERE `games`.`id` = 34[0m
  [1m[36mTRANSACTION (0.3ms)[0m  [1m[35mCOMMIT[0m
  [1m[36mTRANSACTION (0.1ms)[0m  [1m[35mBEGIN[0m
  [1m[36mGame Update (0.2ms)[0m  [1m[33mUPDATE `games` SET `games`.`updated_at` = '2024-06-12 15:09:51.367405', `games`.`stage` = 1 WHERE `games`.`id` = 35[0m
  [1m[36mTRANSACTION (0.6ms)[0m  [1m[35mCOMMIT[0m
  [1m[36mTRANSACTION (0.1ms)[0m  [1m[35mBEGIN[0m
  [1m[36mGame Update (0.2ms)[0m  [1m[33mUPDATE `games` SET `games`.`updated_at` = '2024-06-12 15:09:51.368603', `games`.`stage` = 1 WHERE `games`.`id` = 36[0m
  [1m[36mTRANSACTION (0.5ms)[0m  [1m[35mCOMMIT[0m
Started GET "/games" for ::1 at 2024-06-12 17:10:08 +0200
  [1m[36mActiveRecord::SchemaMigration Load (0.3ms)[0m  [1m[34mSELECT `schema_migrations`.`version` FROM `schema_migrations` ORDER BY `schema_migrations`.`version` ASC[0m
Processing by GamesController#index as HTML
  [1m[36mGame Load (0.3ms)[0m  [1m[34mSELECT `games`.* FROM `games`[0m
  ↳ app/controllers/games_controller.rb:6:in `group_by'
  [1m[36mBet::Game Load (0.4ms)[0m  [1m[34mSELECT `bet_games`.* FROM `bet_games` WHERE `bet_games`.`game_id` IN (1, 2, 3, 4, 5, 6, 7, 8, 9, 10, 11, 12, 13, 14, 15, 16, 17, 18, 19, 20, 21, 22, 23, 24, 25, 26, 27, 28, 29, 30, 31, 32, 33, 34, 35, 36)[0m
  ↳ app/controllers/games_controller.rb:6:in `group_by'
  [1m[36mTeam Load (0.3ms)[0m  [1m[34mSELECT `teams`.* FROM `teams` WHERE `teams`.`id` IN (17, 24, 10, 1, 3, 5, 11, 6, 12, 20, 7, 22, 8, 9, 18, 13, 16, 15, 4, 21, 19, 14, 2, 23)[0m
  ↳ app/controllers/games_controller.rb:6:in `group_by'
  [1m[36mTeam Load (0.3ms)[0m  [1m[34mSELECT `teams`.* FROM `teams` WHERE `teams`.`id` IN (4, 8, 21, 9, 19, 18, 14, 13, 16, 2, 23, 15, 17, 10, 3, 11, 20, 7, 24, 1, 5, 6, 12, 22)[0m
  ↳ app/controllers/games_controller.rb:6:in `group_by'
  Rendering layout layouts/application.html.erb
  Rendering games/index.html.erb within layouts/application
  [1m[36mBet::Game Load (0.3ms)[0m  [1m[34mSELECT `bet_games`.* FROM `bet_games`[0m
  ↳ app/models/game.rb:92:in `map'
  [1m[36mTeam Load (0.3ms)[0m  [1m[34mSELECT `teams`.* FROM `teams` WHERE `teams`.`winner` = TRUE LIMIT 1[0m
  ↳ app/models/team.rb:16:in `winner'
  [1m[36mTeam Load (0.3ms)[0m  [1m[34mSELECT `teams`.* FROM `teams` WHERE `teams`.`red` = TRUE LIMIT 1[0m
  ↳ app/models/team.rb:20:in `redcard'
  [1m[36mPlayer Load (0.3ms)[0m  [1m[34mSELECT `players`.* FROM `players` WHERE `players`.`best` = TRUE LIMIT 1[0m
  ↳ app/models/player.rb:8:in `topplayer'
  [1m[36mPlayer Load (0.1ms)[0m  [1m[34mSELECT `players`.* FROM `players` WHERE `players`.`top` = TRUE LIMIT 1[0m
  ↳ app/models/player.rb:12:in `topscorer'
  Rendered games/index.html.erb within layouts/application (Duration: 12.2ms | Allocations: 13994)
  Rendered layout layouts/application.html.erb (Duration: 34.4ms | Allocations: 47621)
Completed 200 OK in 78ms (Views: 32.8ms | ActiveRecord: 12.3ms | Allocations: 97509)


Started GET "/games/1/edit" for ::1 at 2024-06-12 17:10:13 +0200
Processing by GamesController#edit as HTML
  Parameters: {"id"=>"1"}
  [1m[36mGame Load (0.8ms)[0m  [1m[34mSELECT `games`.* FROM `games` WHERE `games`.`id` = 1 LIMIT 1[0m
  ↳ app/controllers/games_controller.rb:83:in `set_game'
  Rendering layout layouts/application.html.erb
  Rendering games/edit.html.erb within layouts/application
  [1m[36mTeam Load (0.9ms)[0m  [1m[34mSELECT `teams`.* FROM `teams` ORDER BY `teams`.`name` ASC[0m
  ↳ app/views/games/_form.html.erb:25
  [1m[36mCACHE Team Load (0.0ms)[0m  [1m[34mSELECT `teams`.* FROM `teams` ORDER BY `teams`.`name` ASC[0m
  ↳ app/views/games/_form.html.erb:26
  Rendered games/_form.html.erb (Duration: 16.8ms | Allocations: 5683)
  Rendered games/edit.html.erb within layouts/application (Duration: 18.9ms | Allocations: 6051)
  Rendered layout layouts/application.html.erb (Duration: 21.2ms | Allocations: 7124)
Completed 200 OK in 28ms (Views: 20.9ms | ActiveRecord: 1.7ms | Allocations: 8488)


Started GET "/games/1/edit" for ::1 at 2024-06-12 17:10:15 +0200
Processing by GamesController#edit as HTML
  Parameters: {"id"=>"1"}
  [1m[36mGame Load (0.8ms)[0m  [1m[34mSELECT `games`.* FROM `games` WHERE `games`.`id` = 1 LIMIT 1[0m
  ↳ app/controllers/games_controller.rb:83:in `set_game'
  Rendering layout layouts/application.html.erb
  Rendering games/edit.html.erb within layouts/application
  [1m[36mTeam Load (0.7ms)[0m  [1m[34mSELECT `teams`.* FROM `teams` ORDER BY `teams`.`name` ASC[0m
  ↳ app/views/games/_form.html.erb:25
  [1m[36mCACHE Team Load (0.0ms)[0m  [1m[34mSELECT `teams`.* FROM `teams` ORDER BY `teams`.`name` ASC[0m
  ↳ app/views/games/_form.html.erb:26
  Rendered games/_form.html.erb (Duration: 10.4ms | Allocations: 4237)
  Rendered games/edit.html.erb within layouts/application (Duration: 10.9ms | Allocations: 4341)
  Rendered layout layouts/application.html.erb (Duration: 12.9ms | Allocations: 5414)
Completed 200 OK in 18ms (Views: 13.2ms | ActiveRecord: 1.5ms | Allocations: 6063)


Started GET "/games/1/calculate" for ::1 at 2024-06-12 17:10:20 +0200
Processing by GamesController#calculate as HTML
  Parameters: {"id"=>"1"}
  [1m[36mGame Load (0.7ms)[0m  [1m[34mSELECT `games`.* FROM `games` WHERE `games`.`id` = 1 LIMIT 1[0m
  ↳ app/controllers/games_controller.rb:83:in `set_game'
Redirected to http://localhost:3001/games
Completed 302 Found in 4ms (ActiveRecord: 0.7ms | Allocations: 647)


Started GET "/games" for ::1 at 2024-06-12 17:10:20 +0200
Processing by GamesController#index as HTML
  [1m[36mGame Load (0.7ms)[0m  [1m[34mSELECT `games`.* FROM `games`[0m
  ↳ app/controllers/games_controller.rb:6:in `group_by'
  [1m[36mBet::Game Load (0.5ms)[0m  [1m[34mSELECT `bet_games`.* FROM `bet_games` WHERE `bet_games`.`game_id` IN (1, 2, 3, 4, 5, 6, 7, 8, 9, 10, 11, 12, 13, 14, 15, 16, 17, 18, 19, 20, 21, 22, 23, 24, 25, 26, 27, 28, 29, 30, 31, 32, 33, 34, 35, 36)[0m
  ↳ app/controllers/games_controller.rb:6:in `group_by'
  [1m[36mTeam Load (0.6ms)[0m  [1m[34mSELECT `teams`.* FROM `teams` WHERE `teams`.`id` IN (17, 24, 10, 1, 3, 5, 11, 6, 12, 20, 7, 22, 8, 9, 18, 13, 16, 15, 4, 21, 19, 14, 2, 23)[0m
  ↳ app/controllers/games_controller.rb:6:in `group_by'
  [1m[36mTeam Load (0.3ms)[0m  [1m[34mSELECT `teams`.* FROM `teams` WHERE `teams`.`id` IN (4, 8, 21, 9, 19, 18, 14, 13, 16, 2, 23, 15, 17, 10, 3, 11, 20, 7, 24, 1, 5, 6, 12, 22)[0m
  ↳ app/controllers/games_controller.rb:6:in `group_by'
  Rendering layout layouts/application.html.erb
  Rendering games/index.html.erb within layouts/application
  [1m[36mBet::Game Load (0.3ms)[0m  [1m[34mSELECT `bet_games`.* FROM `bet_games`[0m
  ↳ app/models/game.rb:92:in `map'
  [1m[36mTeam Load (0.3ms)[0m  [1m[34mSELECT `teams`.* FROM `teams` WHERE `teams`.`winner` = TRUE LIMIT 1[0m
  ↳ app/models/team.rb:16:in `winner'
  [1m[36mTeam Load (0.3ms)[0m  [1m[34mSELECT `teams`.* FROM `teams` WHERE `teams`.`red` = TRUE LIMIT 1[0m
  ↳ app/models/team.rb:20:in `redcard'
  [1m[36mPlayer Load (0.2ms)[0m  [1m[34mSELECT `players`.* FROM `players` WHERE `players`.`best` = TRUE LIMIT 1[0m
  ↳ app/models/player.rb:8:in `topplayer'
  [1m[36mPlayer Load (0.2ms)[0m  [1m[34mSELECT `players`.* FROM `players` WHERE `players`.`top` = TRUE LIMIT 1[0m
  ↳ app/models/player.rb:12:in `topscorer'
  Rendered games/index.html.erb within layouts/application (Duration: 8.2ms | Allocations: 6578)
  Rendered layout layouts/application.html.erb (Duration: 10.6ms | Allocations: 7657)
Completed 200 OK in 24ms (Views: 9.8ms | ActiveRecord: 3.5ms | Allocations: 12423)


Started GET "/participants" for ::1 at 2024-06-12 17:11:16 +0200
Processing by ParticipantsController#index as HTML
  Rendering layout layouts/application.html.erb
  Rendering participants/index.html.erb within layouts/application
  [1m[36mParticipant Load (1.0ms)[0m  [1m[34mSELECT `participants`.* FROM `participants`[0m
  ↳ app/views/participants/index.html.erb:15
  [1m[36mBet::Game Load (0.3ms)[0m  [1m[34mSELECT `bet_games`.* FROM `bet_games` WHERE `bet_games`.`participant_id` = 1[0m
  ↳ app/views/participants/index.html.erb:15
  [1m[36mBet::Team Load (0.7ms)[0m  [1m[34mSELECT `bet_teams`.* FROM `bet_teams` WHERE `bet_teams`.`participant_id` = 1[0m
  ↳ app/views/participants/index.html.erb:15
  [1m[36mBet::Player Load (0.2ms)[0m  [1m[34mSELECT `bet_players`.* FROM `bet_players` WHERE `bet_players`.`participant_id` = 1[0m
  ↳ app/views/participants/index.html.erb:15
  Rendered participants/index.html.erb within layouts/application (Duration: 31.8ms | Allocations: 12892)
  Rendered layout layouts/application.html.erb (Duration: 33.1ms | Allocations: 13994)
Completed 200 OK in 45ms (Views: 24.8ms | ActiveRecord: 9.4ms | Allocations: 18798)


Started GET "/participants/1" for ::1 at 2024-06-12 17:11:19 +0200
Processing by ParticipantsController#show as HTML
  Parameters: {"id"=>"1"}
  [1m[36mParticipant Load (0.7ms)[0m  [1m[34mSELECT `participants`.* FROM `participants` WHERE `participants`.`id` = 1 LIMIT 1[0m
  ↳ app/controllers/participants_controller.rb:85:in `set_participant'
  [1m[36mBet::Game Load (0.4ms)[0m  [1m[34mSELECT `bet_games`.* FROM `bet_games` WHERE `bet_games`.`participant_id` = 1[0m
  ↳ app/controllers/participants_controller.rb:85:in `set_participant'
  [1m[36mBet::Team Load (0.3ms)[0m  [1m[34mSELECT `bet_teams`.* FROM `bet_teams` WHERE `bet_teams`.`participant_id` = 1[0m
  ↳ app/controllers/participants_controller.rb:85:in `set_participant'
  [1m[36mBet::Player Load (0.5ms)[0m  [1m[34mSELECT `bet_players`.* FROM `bet_players` WHERE `bet_players`.`participant_id` = 1[0m
  ↳ app/controllers/participants_controller.rb:85:in `set_participant'
  Rendering layout layouts/application.html.erb
  Rendering participants/show.html.erb within layouts/application
  Rendered participants/show.html.erb within layouts/application (Duration: 3.2ms | Allocations: 1257)
  Rendered layout layouts/application.html.erb (Duration: 6.5ms | Allocations: 2331)
Completed 200 OK in 19ms (Views: 7.5ms | ActiveRecord: 2.0ms | Allocations: 5674)


Started GET "/participants/1" for ::1 at 2024-06-12 17:11:21 +0200
Processing by ParticipantsController#show as HTML
  Parameters: {"id"=>"1"}
  [1m[36mParticipant Load (0.7ms)[0m  [1m[34mSELECT `participants`.* FROM `participants` WHERE `participants`.`id` = 1 LIMIT 1[0m
  ↳ app/controllers/participants_controller.rb:85:in `set_participant'
  [1m[36mBet::Game Load (0.5ms)[0m  [1m[34mSELECT `bet_games`.* FROM `bet_games` WHERE `bet_games`.`participant_id` = 1[0m
  ↳ app/controllers/participants_controller.rb:85:in `set_participant'
  [1m[36mBet::Team Load (0.5ms)[0m  [1m[34mSELECT `bet_teams`.* FROM `bet_teams` WHERE `bet_teams`.`participant_id` = 1[0m
  ↳ app/controllers/participants_controller.rb:85:in `set_participant'
  [1m[36mBet::Player Load (0.6ms)[0m  [1m[34mSELECT `bet_players`.* FROM `bet_players` WHERE `bet_players`.`participant_id` = 1[0m
  ↳ app/controllers/participants_controller.rb:85:in `set_participant'
  Rendering layout layouts/application.html.erb
  Rendering participants/show.html.erb within layouts/application
  Rendered participants/show.html.erb within layouts/application (Duration: 1.9ms | Allocations: 460)
  Rendered layout layouts/application.html.erb (Duration: 5.0ms | Allocations: 1534)
Completed 200 OK in 18ms (Views: 5.7ms | ActiveRecord: 2.4ms | Allocations: 4734)


Started GET "/participants/1" for ::1 at 2024-06-12 17:11:28 +0200
Processing by ParticipantsController#show as HTML
  Parameters: {"id"=>"1"}
  [1m[36mParticipant Load (0.8ms)[0m  [1m[34mSELECT `participants`.* FROM `participants` WHERE `participants`.`id` = 1 LIMIT 1[0m
  ↳ app/controllers/participants_controller.rb:85:in `set_participant'
  [1m[36mBet::Game Load (0.6ms)[0m  [1m[34mSELECT `bet_games`.* FROM `bet_games` WHERE `bet_games`.`participant_id` = 1[0m
  ↳ app/controllers/participants_controller.rb:85:in `set_participant'
  [1m[36mBet::Team Load (0.8ms)[0m  [1m[34mSELECT `bet_teams`.* FROM `bet_teams` WHERE `bet_teams`.`participant_id` = 1[0m
  ↳ app/controllers/participants_controller.rb:85:in `set_participant'
  [1m[36mBet::Player Load (0.5ms)[0m  [1m[34mSELECT `bet_players`.* FROM `bet_players` WHERE `bet_players`.`participant_id` = 1[0m
  ↳ app/controllers/participants_controller.rb:85:in `set_participant'
  Rendering layout layouts/application.html.erb
  Rendering participants/show.html.erb within layouts/application
  Rendered participants/show.html.erb within layouts/application (Duration: 1.4ms | Allocations: 439)
  Rendered layout layouts/application.html.erb (Duration: 4.2ms | Allocations: 1513)
Completed 200 OK in 19ms (Views: 4.9ms | ActiveRecord: 2.6ms | Allocations: 4713)


Started GET "/participants" for ::1 at 2024-06-12 17:16:03 +0200
Processing by ParticipantsController#index as HTML
  Rendering layout layouts/application.html.erb
  Rendering participants/index.html.erb within layouts/application
  [1m[36mParticipant Load (0.3ms)[0m  [1m[34mSELECT `participants`.* FROM `participants`[0m
  ↳ app/views/participants/index.html.erb:15
  [1m[36mBet::Game Load (0.2ms)[0m  [1m[34mSELECT `bet_games`.* FROM `bet_games` WHERE `bet_games`.`participant_id` = 1[0m
  ↳ app/views/participants/index.html.erb:15
  [1m[36mBet::Team Load (0.1ms)[0m  [1m[34mSELECT `bet_teams`.* FROM `bet_teams` WHERE `bet_teams`.`participant_id` = 1[0m
  ↳ app/views/participants/index.html.erb:15
  [1m[36mBet::Player Load (0.1ms)[0m  [1m[34mSELECT `bet_players`.* FROM `bet_players` WHERE `bet_players`.`participant_id` = 1[0m
  ↳ app/views/participants/index.html.erb:15
  Rendered participants/index.html.erb within layouts/application (Duration: 17.8ms | Allocations: 19856)
  Rendered layout layouts/application.html.erb (Duration: 22.3ms | Allocations: 34647)
Completed 200 OK in 26ms (Views: 15.5ms | ActiveRecord: 7.3ms | Allocations: 39915)


